2025-04-28 13:13:24 - Failed login attempt for cd
2025-04-28 13:13:24 - Failed login attempt for &&
2025-04-28 13:13:24 - Failed login attempt for lms.cpp
2025-04-28 13:13:24 - Account locked due to multiple failed attempts
2025-04-28 13:13:46 - Successful login by defaultLibrarian
2025-04-28 13:18:07 - Successful login by defaultLibrarian
2025-04-28 14:33:52 - Failed login attempt for cd
2025-04-28 14:33:52 - Failed login attempt for &&
2025-04-28 14:33:52 - Failed login attempt for lms.cpp
2025-04-28 14:33:52 - Account locked due to multiple failed attempts
2025-04-28 14:33:58 - Failed login attempt for cd
2025-04-28 14:33:58 - Failed login attempt for &&
2025-04-28 14:33:58 - Failed login attempt for lms.cpp
2025-04-28 14:33:58 - Account locked due to multiple failed attempts
2025-04-28 14:36:07 - Failed login attempt for cd
2025-04-28 14:36:07 - Failed login attempt for &&
2025-04-28 14:36:07 - Failed login attempt for lms.cpp
2025-04-28 14:36:07 - Account locked due to multiple failed attempts
2025-04-28 14:36:29 - Successful login by defaultLibrarian
2025-04-28 15:08:10 - Successful login by defaultLibrarian
2025-04-28 15:10:53 - Successful login by defaultLibrarian
2025-04-28 15:12:55 - Successful login by defaultLibrarian
2025-04-28 15:16:47 - Successful login by defaultLibrarian
2025-04-28 15:19:03 - Successful login by defaultLibrarian
2025-04-28 15:22:11 - Successful login by defaultLibrarian
2025-04-28 15:23:07 - Failed login attempt for iruger
2025-04-28 15:23:07 - Failed login attempt for iruger
2025-04-28 15:23:07 - Failed login attempt for iruger
2025-04-28 15:23:07 - Account locked due to multiple failed attempts
2025-04-28 15:24:38 - Failed login attempt for 4wr
2025-04-28 15:24:38 - Failed login attempt for 4wr
2025-04-28 15:24:38 - Failed login attempt for 4wr
2025-04-28 15:24:38 - Account locked due to multiple failed attempts
2025-04-28 15:25:30 - Successful login by defaultLibrarian
